<?xml version="1.0" encoding="utf-8" ?>
<!DOCTYPE html PUBLIC "-//W3C//DTD XHTML 1.0 Strict//EN"
        "http://www.w3.org/TR/xhtml1/DTD/xhtml1-strict.dtd">
<html xmlns="http://www.w3.org/1999/xhtml" xml:lang="" lang="">
<head>
  <title>Test Results Report - testsuite</title>
  <meta http-equiv="Content-Type" content="text/html;charset=utf-8" />
  <meta name="description" content="TestNG unit test results." />
  <link href="reportng.css" rel="stylesheet" type="text/css" />
    <script type="text/javascript" src="reportng.js"></script>
</head>
<body>
<h1>testsuite</h1>
<p>
  Test duration: 223.969s
</p>



  <table class="resultsTable">
    <tr><th colspan="3" class="header failed">Failed Tests</th></tr>
          <tr>
        <td colspan="3" class="group">com.nopcommerce.demo.testsuite.LoginPageTest</td>
      </tr>
            
<tr>
  <td class="method">
                  VerifyThatUserShouldLogOutSuccessFully
      </td>
  <td class="duration">
    42.198s
  </td>
  <td class="result">
        
    
            <div class="testOutput">
                        Clicking on Login Link[[ChromeDriver: chrome on WINDOWS (8d103b351aa6cc01e96552903573bd64)] -&gt; link text: Log in]&lt;br&gt;<br />
                                Enter emailzarmartripathi1@gmail.com to email field [[ChromeDriver: chrome on WINDOWS (8d103b351aa6cc01e96552903573bd64)] -&gt; id: Email]&lt;br&gt;<br />
                                Enter emailprime123 to email field [[ChromeDriver: chrome on WINDOWS (8d103b351aa6cc01e96552903573bd64)] -&gt; xpath: //input[@id=&apos;Password&apos;]]&lt;br&gt;<br />
                                Clicking on login Button[[ChromeDriver: chrome on WINDOWS (8d103b351aa6cc01e96552903573bd64)] -&gt; xpath: //button[contains(text(),&apos;Log in&apos;)]]&lt;br&gt;<br />
                                Clicking on logout LinkProxy element for: DefaultElementLocator &apos;By.xpath: //a[contains(text(),&apos;Log out&apos;)]&apos;&lt;br&gt;<br />
                  </div>
    

        <a href="javascript:toggleElement('exception-0', 'block')" title="Click to expand/collapse"><b>org.openqa.selenium.NoSuchElementException: no such element: Unable to locate element: {&quot;method&quot;:&quot;xpath&quot;,&quot;selector&quot;:&quot;//a[contains(text(),&apos;Log out&apos;)]&quot;}<br/>
&nbsp; (Session info: chrome=101.0.4951.54)<br/>
For documentation on this error, please visit: https://selenium.dev/exceptions/#no_such_element<br/>
Build info: version: &apos;4.1.4&apos;, revision: &apos;535d840ee2&apos;<br/>
System info: host: &apos;DESKTOP-TMPB3MR&apos;, ip: &apos;192.168.1.143&apos;, os.name: &apos;Windows 10&apos;, os.arch: &apos;amd64&apos;, os.version: &apos;10.0&apos;, java.version: &apos;1.8.0_302&apos;<br/>
Driver info: org.openqa.selenium.chrome.ChromeDriver<br/>
Command: [8d103b351aa6cc01e96552903573bd64, findElement {using=xpath, value=//a[contains(text(),&apos;Log out&apos;)]}]<br/>
Capabilities {acceptInsecureCerts: false, browserName: chrome, browserVersion: 101.0.4951.54, chrome: {chromedriverVersion: 101.0.4951.41 (93c720db8323..., userDataDir: C:\Users\nihar\AppData\Loca...}, goog:chromeOptions: {debuggerAddress: localhost:57341}, javascriptEnabled: true, networkConnectionEnabled: false, pageLoadStrategy: normal, platform: WINDOWS, platformName: WINDOWS, proxy: Proxy(), se:cdp: ws://localhost:57341/devtoo..., se:cdpVersion: 101.0.4951.54, setWindowRect: true, strictFileInteractability: false, timeouts: {implicit: 0, pageLoad: 300000, script: 30000}, unhandledPromptBehavior: dismiss and notify, webauthn:extension:credBlob: true, webauthn:extension:largeBlob: true, webauthn:virtualAuthenticators: true}<br/>
Session ID: 8d103b351aa6cc01e96552903573bd64</b></a><br />
    <div class="stackTrace" id="exception-0">
              sun.reflect.NativeConstructorAccessorImpl.newInstance0(Native Method)<br />
              sun.reflect.NativeConstructorAccessorImpl.newInstance(NativeConstructorAccessorImpl.java:62)<br />
              sun.reflect.DelegatingConstructorAccessorImpl.newInstance(DelegatingConstructorAccessorImpl.java:45)<br />
              java.lang.reflect.Constructor.newInstance(Constructor.java:423)<br />
              org.openqa.selenium.remote.codec.w3c.W3CHttpResponseCodec.createException(W3CHttpResponseCodec.java:200)<br />
              org.openqa.selenium.remote.codec.w3c.W3CHttpResponseCodec.decode(W3CHttpResponseCodec.java:133)<br />
              org.openqa.selenium.remote.codec.w3c.W3CHttpResponseCodec.decode(W3CHttpResponseCodec.java:53)<br />
              org.openqa.selenium.remote.HttpCommandExecutor.execute(HttpCommandExecutor.java:184)<br />
              org.openqa.selenium.remote.service.DriverCommandExecutor.invokeExecute(DriverCommandExecutor.java:167)<br />
              org.openqa.selenium.remote.service.DriverCommandExecutor.execute(DriverCommandExecutor.java:142)<br />
              org.openqa.selenium.remote.RemoteWebDriver.execute(RemoteWebDriver.java:567)<br />
              org.openqa.selenium.remote.ElementLocation$ElementFinder$2.findElement(ElementLocation.java:162)<br />
              org.openqa.selenium.remote.ElementLocation.findElement(ElementLocation.java:60)<br />
              org.openqa.selenium.remote.RemoteWebDriver.findElement(RemoteWebDriver.java:385)<br />
              org.openqa.selenium.remote.RemoteWebDriver.findElement(RemoteWebDriver.java:377)<br />
              org.openqa.selenium.support.pagefactory.DefaultElementLocator.findElement(DefaultElementLocator.java:70)<br />
              org.openqa.selenium.support.pagefactory.internal.LocatingElementHandler.invoke(LocatingElementHandler.java:39)<br />
              com.sun.proxy.$Proxy14.click(Unknown Source)<br />
              com.nopcommerce.demo.utility.Utility.clickOnElement(Utility.java:53)<br />
              com.nopcommerce.demo.pages.HomePage.clicklogout(HomePage.java:121)<br />
              com.nopcommerce.demo.testsuite.LoginPageTest.VerifyThatUserShouldLogOutSuccessFully(LoginPageTest.java:72)<br />
              sun.reflect.NativeMethodAccessorImpl.invoke0(Native Method)<br />
              sun.reflect.NativeMethodAccessorImpl.invoke(NativeMethodAccessorImpl.java:62)<br />
              sun.reflect.DelegatingMethodAccessorImpl.invoke(DelegatingMethodAccessorImpl.java:43)<br />
              java.lang.reflect.Method.invoke(Method.java:498)<br />
              org.testng.internal.invokers.MethodInvocationHelper.invokeMethod(MethodInvocationHelper.java:135)<br />
              org.testng.internal.invokers.TestInvoker.invokeMethod(TestInvoker.java:673)<br />
              org.testng.internal.invokers.TestInvoker.invokeTestMethod(TestInvoker.java:220)<br />
              org.testng.internal.invokers.MethodRunner.runInSequence(MethodRunner.java:50)<br />
              org.testng.internal.invokers.TestInvoker$MethodInvocationAgent.invoke(TestInvoker.java:945)<br />
              org.testng.internal.invokers.TestInvoker.invokeTestMethods(TestInvoker.java:193)<br />
              org.testng.internal.invokers.TestMethodWorker.invokeTestMethods(TestMethodWorker.java:146)<br />
              org.testng.internal.invokers.TestMethodWorker.run(TestMethodWorker.java:128)<br />
              java.util.ArrayList.forEach(ArrayList.java:1259)<br />
              org.testng.TestRunner.privateRun(TestRunner.java:808)<br />
              org.testng.TestRunner.run(TestRunner.java:603)<br />
              org.testng.SuiteRunner.runTest(SuiteRunner.java:429)<br />
              org.testng.SuiteRunner.runSequentially(SuiteRunner.java:423)<br />
              org.testng.SuiteRunner.privateRun(SuiteRunner.java:383)<br />
              org.testng.SuiteRunner.run(SuiteRunner.java:326)<br />
              org.testng.SuiteRunnerWorker.runSuite(SuiteRunnerWorker.java:52)<br />
              org.testng.SuiteRunnerWorker.run(SuiteRunnerWorker.java:95)<br />
              org.testng.TestNG.runSuitesSequentially(TestNG.java:1249)<br />
              org.testng.TestNG.runSuitesLocally(TestNG.java:1169)<br />
              org.testng.TestNG.runSuites(TestNG.java:1092)<br />
              org.testng.TestNG.run(TestNG.java:1060)<br />
              com.intellij.rt.testng.IDEARemoteTestNG.run(IDEARemoteTestNG.java:66)<br />
              com.intellij.rt.testng.RemoteTestNGStarter.main(RemoteTestNGStarter.java:109)<br />
                </div>
      </td>
</tr>
<tr>
  <td class="method">
                  userShouldNavigateToLoginPageSuccessFully
      </td>
  <td class="duration">
    40.094s
  </td>
  <td class="result">
        
    
            <div class="testOutput">
                        Clicking on login ButtonProxy element for: DefaultElementLocator &apos;By.xpath: //button[contains(text(),&apos;Log in&apos;)]&apos;&lt;br&gt;<br />
                  </div>
    

        <a href="javascript:toggleElement('exception-1', 'block')" title="Click to expand/collapse"><b>org.openqa.selenium.NoSuchElementException: no such element: Unable to locate element: {&quot;method&quot;:&quot;xpath&quot;,&quot;selector&quot;:&quot;//button[contains(text(),&apos;Log in&apos;)]&quot;}<br/>
&nbsp; (Session info: chrome=101.0.4951.54)<br/>
For documentation on this error, please visit: https://selenium.dev/exceptions/#no_such_element<br/>
Build info: version: &apos;4.1.4&apos;, revision: &apos;535d840ee2&apos;<br/>
System info: host: &apos;DESKTOP-TMPB3MR&apos;, ip: &apos;192.168.1.143&apos;, os.name: &apos;Windows 10&apos;, os.arch: &apos;amd64&apos;, os.version: &apos;10.0&apos;, java.version: &apos;1.8.0_302&apos;<br/>
Driver info: org.openqa.selenium.chrome.ChromeDriver<br/>
Command: [244280be39b921b1198573ad6e7d8878, findElement {using=xpath, value=//button[contains(text(),&apos;Log in&apos;)]}]<br/>
Capabilities {acceptInsecureCerts: false, browserName: chrome, browserVersion: 101.0.4951.54, chrome: {chromedriverVersion: 101.0.4951.41 (93c720db8323..., userDataDir: C:\Users\nihar\AppData\Loca...}, goog:chromeOptions: {debuggerAddress: localhost:57374}, javascriptEnabled: true, networkConnectionEnabled: false, pageLoadStrategy: normal, platform: WINDOWS, platformName: WINDOWS, proxy: Proxy(), se:cdp: ws://localhost:57374/devtoo..., se:cdpVersion: 101.0.4951.54, setWindowRect: true, strictFileInteractability: false, timeouts: {implicit: 0, pageLoad: 300000, script: 30000}, unhandledPromptBehavior: dismiss and notify, webauthn:extension:credBlob: true, webauthn:extension:largeBlob: true, webauthn:virtualAuthenticators: true}<br/>
Session ID: 244280be39b921b1198573ad6e7d8878</b></a><br />
    <div class="stackTrace" id="exception-1">
              sun.reflect.NativeConstructorAccessorImpl.newInstance0(Native Method)<br />
              sun.reflect.NativeConstructorAccessorImpl.newInstance(NativeConstructorAccessorImpl.java:62)<br />
              sun.reflect.DelegatingConstructorAccessorImpl.newInstance(DelegatingConstructorAccessorImpl.java:45)<br />
              java.lang.reflect.Constructor.newInstance(Constructor.java:423)<br />
              org.openqa.selenium.remote.codec.w3c.W3CHttpResponseCodec.createException(W3CHttpResponseCodec.java:200)<br />
              org.openqa.selenium.remote.codec.w3c.W3CHttpResponseCodec.decode(W3CHttpResponseCodec.java:133)<br />
              org.openqa.selenium.remote.codec.w3c.W3CHttpResponseCodec.decode(W3CHttpResponseCodec.java:53)<br />
              org.openqa.selenium.remote.HttpCommandExecutor.execute(HttpCommandExecutor.java:184)<br />
              org.openqa.selenium.remote.service.DriverCommandExecutor.invokeExecute(DriverCommandExecutor.java:167)<br />
              org.openqa.selenium.remote.service.DriverCommandExecutor.execute(DriverCommandExecutor.java:142)<br />
              org.openqa.selenium.remote.RemoteWebDriver.execute(RemoteWebDriver.java:567)<br />
              org.openqa.selenium.remote.ElementLocation$ElementFinder$2.findElement(ElementLocation.java:162)<br />
              org.openqa.selenium.remote.ElementLocation.findElement(ElementLocation.java:60)<br />
              org.openqa.selenium.remote.RemoteWebDriver.findElement(RemoteWebDriver.java:385)<br />
              org.openqa.selenium.remote.RemoteWebDriver.findElement(RemoteWebDriver.java:377)<br />
              org.openqa.selenium.support.pagefactory.DefaultElementLocator.findElement(DefaultElementLocator.java:70)<br />
              org.openqa.selenium.support.pagefactory.internal.LocatingElementHandler.invoke(LocatingElementHandler.java:39)<br />
              com.sun.proxy.$Proxy14.click(Unknown Source)<br />
              com.nopcommerce.demo.utility.Utility.clickOnElement(Utility.java:53)<br />
              com.nopcommerce.demo.pages.LoginPage.clickOnLogin(LoginPage.java:45)<br />
              com.nopcommerce.demo.testsuite.LoginPageTest.userShouldNavigateToLoginPageSuccessFully(LoginPageTest.java:37)<br />
              sun.reflect.NativeMethodAccessorImpl.invoke0(Native Method)<br />
              sun.reflect.NativeMethodAccessorImpl.invoke(NativeMethodAccessorImpl.java:62)<br />
              sun.reflect.DelegatingMethodAccessorImpl.invoke(DelegatingMethodAccessorImpl.java:43)<br />
              java.lang.reflect.Method.invoke(Method.java:498)<br />
              org.testng.internal.invokers.MethodInvocationHelper.invokeMethod(MethodInvocationHelper.java:135)<br />
              org.testng.internal.invokers.TestInvoker.invokeMethod(TestInvoker.java:673)<br />
              org.testng.internal.invokers.TestInvoker.invokeTestMethod(TestInvoker.java:220)<br />
              org.testng.internal.invokers.MethodRunner.runInSequence(MethodRunner.java:50)<br />
              org.testng.internal.invokers.TestInvoker$MethodInvocationAgent.invoke(TestInvoker.java:945)<br />
              org.testng.internal.invokers.TestInvoker.invokeTestMethods(TestInvoker.java:193)<br />
              org.testng.internal.invokers.TestMethodWorker.invokeTestMethods(TestMethodWorker.java:146)<br />
              org.testng.internal.invokers.TestMethodWorker.run(TestMethodWorker.java:128)<br />
              java.util.ArrayList.forEach(ArrayList.java:1259)<br />
              org.testng.TestRunner.privateRun(TestRunner.java:808)<br />
              org.testng.TestRunner.run(TestRunner.java:603)<br />
              org.testng.SuiteRunner.runTest(SuiteRunner.java:429)<br />
              org.testng.SuiteRunner.runSequentially(SuiteRunner.java:423)<br />
              org.testng.SuiteRunner.privateRun(SuiteRunner.java:383)<br />
              org.testng.SuiteRunner.run(SuiteRunner.java:326)<br />
              org.testng.SuiteRunnerWorker.runSuite(SuiteRunnerWorker.java:52)<br />
              org.testng.SuiteRunnerWorker.run(SuiteRunnerWorker.java:95)<br />
              org.testng.TestNG.runSuitesSequentially(TestNG.java:1249)<br />
              org.testng.TestNG.runSuitesLocally(TestNG.java:1169)<br />
              org.testng.TestNG.runSuites(TestNG.java:1092)<br />
              org.testng.TestNG.run(TestNG.java:1060)<br />
              com.intellij.rt.testng.IDEARemoteTestNG.run(IDEARemoteTestNG.java:66)<br />
              com.intellij.rt.testng.RemoteTestNGStarter.main(RemoteTestNGStarter.java:109)<br />
                </div>
      </td>
</tr>
<tr>
  <td class="method">
                  verifyThatUserShouldLogInSuccessFullyWithValidCredentials
      </td>
  <td class="duration">
    42.198s
  </td>
  <td class="result">
        
    
            <div class="testOutput">
                        Clicking on Login Link[[ChromeDriver: chrome on WINDOWS (383bbd729593daaa25b0b55bb9a690aa)] -&gt; link text: Log in]&lt;br&gt;<br />
                                Enter emailzarmartripathi1@gmail.com to email field [[ChromeDriver: chrome on WINDOWS (383bbd729593daaa25b0b55bb9a690aa)] -&gt; id: Email]&lt;br&gt;<br />
                                Enter emailprime123 to email field [[ChromeDriver: chrome on WINDOWS (383bbd729593daaa25b0b55bb9a690aa)] -&gt; xpath: //input[@id=&apos;Password&apos;]]&lt;br&gt;<br />
                                Clicking on login Button[[ChromeDriver: chrome on WINDOWS (383bbd729593daaa25b0b55bb9a690aa)] -&gt; xpath: //button[contains(text(),&apos;Log in&apos;)]]&lt;br&gt;<br />
                                getting logout text from Proxy element for: DefaultElementLocator &apos;By.xpath: //a[contains(text(),&apos;Log out&apos;)]&apos;&lt;br&gt;<br />
                  </div>
    

        <a href="javascript:toggleElement('exception-2', 'block')" title="Click to expand/collapse"><b>org.openqa.selenium.NoSuchElementException: no such element: Unable to locate element: {&quot;method&quot;:&quot;xpath&quot;,&quot;selector&quot;:&quot;//a[contains(text(),&apos;Log out&apos;)]&quot;}<br/>
&nbsp; (Session info: chrome=101.0.4951.54)<br/>
For documentation on this error, please visit: https://selenium.dev/exceptions/#no_such_element<br/>
Build info: version: &apos;4.1.4&apos;, revision: &apos;535d840ee2&apos;<br/>
System info: host: &apos;DESKTOP-TMPB3MR&apos;, ip: &apos;192.168.1.143&apos;, os.name: &apos;Windows 10&apos;, os.arch: &apos;amd64&apos;, os.version: &apos;10.0&apos;, java.version: &apos;1.8.0_302&apos;<br/>
Driver info: org.openqa.selenium.chrome.ChromeDriver<br/>
Command: [383bbd729593daaa25b0b55bb9a690aa, findElement {using=xpath, value=//a[contains(text(),&apos;Log out&apos;)]}]<br/>
Capabilities {acceptInsecureCerts: false, browserName: chrome, browserVersion: 101.0.4951.54, chrome: {chromedriverVersion: 101.0.4951.41 (93c720db8323..., userDataDir: C:\Users\nihar\AppData\Loca...}, goog:chromeOptions: {debuggerAddress: localhost:57407}, javascriptEnabled: true, networkConnectionEnabled: false, pageLoadStrategy: normal, platform: WINDOWS, platformName: WINDOWS, proxy: Proxy(), se:cdp: ws://localhost:57407/devtoo..., se:cdpVersion: 101.0.4951.54, setWindowRect: true, strictFileInteractability: false, timeouts: {implicit: 0, pageLoad: 300000, script: 30000}, unhandledPromptBehavior: dismiss and notify, webauthn:extension:credBlob: true, webauthn:extension:largeBlob: true, webauthn:virtualAuthenticators: true}<br/>
Session ID: 383bbd729593daaa25b0b55bb9a690aa</b></a><br />
    <div class="stackTrace" id="exception-2">
              sun.reflect.NativeConstructorAccessorImpl.newInstance0(Native Method)<br />
              sun.reflect.NativeConstructorAccessorImpl.newInstance(NativeConstructorAccessorImpl.java:62)<br />
              sun.reflect.DelegatingConstructorAccessorImpl.newInstance(DelegatingConstructorAccessorImpl.java:45)<br />
              java.lang.reflect.Constructor.newInstance(Constructor.java:423)<br />
              org.openqa.selenium.remote.codec.w3c.W3CHttpResponseCodec.createException(W3CHttpResponseCodec.java:200)<br />
              org.openqa.selenium.remote.codec.w3c.W3CHttpResponseCodec.decode(W3CHttpResponseCodec.java:133)<br />
              org.openqa.selenium.remote.codec.w3c.W3CHttpResponseCodec.decode(W3CHttpResponseCodec.java:53)<br />
              org.openqa.selenium.remote.HttpCommandExecutor.execute(HttpCommandExecutor.java:184)<br />
              org.openqa.selenium.remote.service.DriverCommandExecutor.invokeExecute(DriverCommandExecutor.java:167)<br />
              org.openqa.selenium.remote.service.DriverCommandExecutor.execute(DriverCommandExecutor.java:142)<br />
              org.openqa.selenium.remote.RemoteWebDriver.execute(RemoteWebDriver.java:567)<br />
              org.openqa.selenium.remote.ElementLocation$ElementFinder$2.findElement(ElementLocation.java:162)<br />
              org.openqa.selenium.remote.ElementLocation.findElement(ElementLocation.java:60)<br />
              org.openqa.selenium.remote.RemoteWebDriver.findElement(RemoteWebDriver.java:385)<br />
              org.openqa.selenium.remote.RemoteWebDriver.findElement(RemoteWebDriver.java:377)<br />
              org.openqa.selenium.support.pagefactory.DefaultElementLocator.findElement(DefaultElementLocator.java:70)<br />
              org.openqa.selenium.support.pagefactory.internal.LocatingElementHandler.invoke(LocatingElementHandler.java:39)<br />
              com.sun.proxy.$Proxy14.getText(Unknown Source)<br />
              com.nopcommerce.demo.utility.Utility.getTextFromElement(Utility.java:64)<br />
              com.nopcommerce.demo.pages.HomePage.varifyLogout(HomePage.java:125)<br />
              com.nopcommerce.demo.testsuite.LoginPageTest.verifyThatUserShouldLogInSuccessFullyWithValidCredentials(LoginPageTest.java:60)<br />
              sun.reflect.NativeMethodAccessorImpl.invoke0(Native Method)<br />
              sun.reflect.NativeMethodAccessorImpl.invoke(NativeMethodAccessorImpl.java:62)<br />
              sun.reflect.DelegatingMethodAccessorImpl.invoke(DelegatingMethodAccessorImpl.java:43)<br />
              java.lang.reflect.Method.invoke(Method.java:498)<br />
              org.testng.internal.invokers.MethodInvocationHelper.invokeMethod(MethodInvocationHelper.java:135)<br />
              org.testng.internal.invokers.TestInvoker.invokeMethod(TestInvoker.java:673)<br />
              org.testng.internal.invokers.TestInvoker.invokeTestMethod(TestInvoker.java:220)<br />
              org.testng.internal.invokers.MethodRunner.runInSequence(MethodRunner.java:50)<br />
              org.testng.internal.invokers.TestInvoker$MethodInvocationAgent.invoke(TestInvoker.java:945)<br />
              org.testng.internal.invokers.TestInvoker.invokeTestMethods(TestInvoker.java:193)<br />
              org.testng.internal.invokers.TestMethodWorker.invokeTestMethods(TestMethodWorker.java:146)<br />
              org.testng.internal.invokers.TestMethodWorker.run(TestMethodWorker.java:128)<br />
              java.util.ArrayList.forEach(ArrayList.java:1259)<br />
              org.testng.TestRunner.privateRun(TestRunner.java:808)<br />
              org.testng.TestRunner.run(TestRunner.java:603)<br />
              org.testng.SuiteRunner.runTest(SuiteRunner.java:429)<br />
              org.testng.SuiteRunner.runSequentially(SuiteRunner.java:423)<br />
              org.testng.SuiteRunner.privateRun(SuiteRunner.java:383)<br />
              org.testng.SuiteRunner.run(SuiteRunner.java:326)<br />
              org.testng.SuiteRunnerWorker.runSuite(SuiteRunnerWorker.java:52)<br />
              org.testng.SuiteRunnerWorker.run(SuiteRunnerWorker.java:95)<br />
              org.testng.TestNG.runSuitesSequentially(TestNG.java:1249)<br />
              org.testng.TestNG.runSuitesLocally(TestNG.java:1169)<br />
              org.testng.TestNG.runSuites(TestNG.java:1092)<br />
              org.testng.TestNG.run(TestNG.java:1060)<br />
              com.intellij.rt.testng.IDEARemoteTestNG.run(IDEARemoteTestNG.java:66)<br />
              com.intellij.rt.testng.RemoteTestNGStarter.main(RemoteTestNGStarter.java:109)<br />
                </div>
      </td>
</tr>
      </table>


  <table class="resultsTable">
    <tr><th colspan="3" class="header passed">Passed Tests</th></tr>
          <tr>
        <td colspan="3" class="group">com.nopcommerce.demo.testsuite.ComputerPageTest</td>
      </tr>
            
<tr>
  <td class="method">
                  verifyThatUserShouldBuildYouOwnComputerAndAddThemToCartSuccessfully
      </td>
  <td class="duration">
    5.154s
  </td>
  <td class="result">
        
          <i>Method arguments: </i><span class="arguments">"2.5 GHz Intel Pentium Dual-Core E2200 [+$15.00]", "4GB [+$20.00]", "400 GB [+$100.00]", "Vista Premium [+$60.00]", "Acrobat Reader [+$10.00]"</span><br />
    
            <div class="testOutput">
                        Clicking on ComputersTab[[ChromeDriver: chrome on WINDOWS (c08e4d6f801a2b588158c97699f21d28)] -&gt; xpath: //body/div[6]/div[2]/ul[1]/li[1]/a[1]]&lt;br&gt;<br />
                                Clicking on DesktopLink[[ChromeDriver: chrome on WINDOWS (c08e4d6f801a2b588158c97699f21d28)] -&gt; xpath: //img[@title=&apos;Show products in category Desktops&apos;]]&lt;br&gt;<br />
                                Clicking on Build your own computer[[ChromeDriver: chrome on WINDOWS (c08e4d6f801a2b588158c97699f21d28)] -&gt; xpath: //body/div[6]/div[3]/div[1]/div[3]/div[1]/div[2]/div[2]/div[2]/div[1]/div[1]/div[1]/div[1]/div[2]/h2[1]/a[1]]&lt;br&gt;<br />
                                Selecting processorr from droppdown2.5 GHz Intel Pentium Dual-Core E2200 [+$15.00] from dropdown [[ChromeDriver: chrome on WINDOWS (c08e4d6f801a2b588158c97699f21d28)] -&gt; xpath: //select[@id=&apos;product_attribute_1&apos;]]&lt;br&gt;<br />
                                Selecting RAM fromdroppdown4GB [+$20.00] from dropdown [[ChromeDriver: chrome on WINDOWS (c08e4d6f801a2b588158c97699f21d28)] -&gt; xpath: //select[@id=&apos;product_attribute_2&apos;]]&lt;br&gt;<br />
                                Clicking on HDD radios 400[[ChromeDriver: chrome on WINDOWS (c08e4d6f801a2b588158c97699f21d28)] -&gt; xpath: //input[@id=&apos;product_attribute_3_6&apos;]]&lt;br&gt;<br />
                                Clicking on newsletterbox[[ChromeDriver: chrome on WINDOWS (c08e4d6f801a2b588158c97699f21d28)] -&gt; xpath: //input[@id=&apos;product_attribute_4_9&apos;]]&lt;br&gt;<br />
                                Clicking on AddToCart[[ChromeDriver: chrome on WINDOWS (c08e4d6f801a2b588158c97699f21d28)] -&gt; xpath: //button[@id=&apos;add-to-cart-button-1&apos;]]&lt;br&gt;<br />
                                getting varify text product added tocart [[ChromeDriver: chrome on WINDOWS (c08e4d6f801a2b588158c97699f21d28)] -&gt; xpath: //p[text()=&apos;The product has been added to your &apos;]]&lt;br&gt;<br />
                  </div>
    

      </td>
</tr>
<tr>
  <td class="method">
                  verifyThatUserShouldBuildYouOwnComputerAndAddThemToCartSuccessfully
      </td>
  <td class="duration">
    5.620s
  </td>
  <td class="result">
        
          <i>Method arguments: </i><span class="arguments">"2.2 GHz Intel Pentium Dual-Core E2200", "2 GB", "320 GB", "Vista Home [+$50.00]", "Microsoft Office [+$50.00]"</span><br />
    
            <div class="testOutput">
                        Clicking on ComputersTab[[ChromeDriver: chrome on WINDOWS (f37b2bcd899b2753a4a65fde5f4b2c40)] -&gt; xpath: //body/div[6]/div[2]/ul[1]/li[1]/a[1]]&lt;br&gt;<br />
                                Clicking on DesktopLink[[ChromeDriver: chrome on WINDOWS (f37b2bcd899b2753a4a65fde5f4b2c40)] -&gt; xpath: //img[@title=&apos;Show products in category Desktops&apos;]]&lt;br&gt;<br />
                                Clicking on Build your own computer[[ChromeDriver: chrome on WINDOWS (f37b2bcd899b2753a4a65fde5f4b2c40)] -&gt; xpath: //body/div[6]/div[3]/div[1]/div[3]/div[1]/div[2]/div[2]/div[2]/div[1]/div[1]/div[1]/div[1]/div[2]/h2[1]/a[1]]&lt;br&gt;<br />
                                Selecting processorr from droppdown2.2 GHz Intel Pentium Dual-Core E2200 from dropdown [[ChromeDriver: chrome on WINDOWS (f37b2bcd899b2753a4a65fde5f4b2c40)] -&gt; xpath: //select[@id=&apos;product_attribute_1&apos;]]&lt;br&gt;<br />
                                Selecting RAM fromdroppdown2 GB from dropdown [[ChromeDriver: chrome on WINDOWS (f37b2bcd899b2753a4a65fde5f4b2c40)] -&gt; xpath: //select[@id=&apos;product_attribute_2&apos;]]&lt;br&gt;<br />
                                Clicking on HDD radios 400[[ChromeDriver: chrome on WINDOWS (f37b2bcd899b2753a4a65fde5f4b2c40)] -&gt; xpath: //input[@id=&apos;product_attribute_3_6&apos;]]&lt;br&gt;<br />
                                Clicking on newsletterbox[[ChromeDriver: chrome on WINDOWS (f37b2bcd899b2753a4a65fde5f4b2c40)] -&gt; xpath: //input[@id=&apos;product_attribute_4_9&apos;]]&lt;br&gt;<br />
                                Clicking on AddToCart[[ChromeDriver: chrome on WINDOWS (f37b2bcd899b2753a4a65fde5f4b2c40)] -&gt; xpath: //button[@id=&apos;add-to-cart-button-1&apos;]]&lt;br&gt;<br />
                                getting varify text product added tocart [[ChromeDriver: chrome on WINDOWS (f37b2bcd899b2753a4a65fde5f4b2c40)] -&gt; xpath: //p[text()=&apos;The product has been added to your &apos;]]&lt;br&gt;<br />
                  </div>
    

      </td>
</tr>
<tr>
  <td class="method">
                  verifyThatUserShouldBuildYouOwnComputerAndAddThemToCartSuccessfully
      </td>
  <td class="duration">
    5.043s
  </td>
  <td class="result">
        
          <i>Method arguments: </i><span class="arguments">"2.5 GHz Intel Pentium Dual-Core E2200 [+$15.00]", "8GB [+$60.00]", "320 GB", "Vista Home [+$50.00]", "Total Commander [+$5.00]"</span><br />
    
            <div class="testOutput">
                        Clicking on ComputersTab[[ChromeDriver: chrome on WINDOWS (c1babba1c221d98d61ed3bc10eeb8177)] -&gt; xpath: //body/div[6]/div[2]/ul[1]/li[1]/a[1]]&lt;br&gt;<br />
                                Clicking on DesktopLink[[ChromeDriver: chrome on WINDOWS (c1babba1c221d98d61ed3bc10eeb8177)] -&gt; xpath: //img[@title=&apos;Show products in category Desktops&apos;]]&lt;br&gt;<br />
                                Clicking on Build your own computer[[ChromeDriver: chrome on WINDOWS (c1babba1c221d98d61ed3bc10eeb8177)] -&gt; xpath: //body/div[6]/div[3]/div[1]/div[3]/div[1]/div[2]/div[2]/div[2]/div[1]/div[1]/div[1]/div[1]/div[2]/h2[1]/a[1]]&lt;br&gt;<br />
                                Selecting processorr from droppdown2.5 GHz Intel Pentium Dual-Core E2200 [+$15.00] from dropdown [[ChromeDriver: chrome on WINDOWS (c1babba1c221d98d61ed3bc10eeb8177)] -&gt; xpath: //select[@id=&apos;product_attribute_1&apos;]]&lt;br&gt;<br />
                                Selecting RAM fromdroppdown8GB [+$60.00] from dropdown [[ChromeDriver: chrome on WINDOWS (c1babba1c221d98d61ed3bc10eeb8177)] -&gt; xpath: //select[@id=&apos;product_attribute_2&apos;]]&lt;br&gt;<br />
                                Clicking on HDD radios 400[[ChromeDriver: chrome on WINDOWS (c1babba1c221d98d61ed3bc10eeb8177)] -&gt; xpath: //input[@id=&apos;product_attribute_3_6&apos;]]&lt;br&gt;<br />
                                Clicking on newsletterbox[[ChromeDriver: chrome on WINDOWS (c1babba1c221d98d61ed3bc10eeb8177)] -&gt; xpath: //input[@id=&apos;product_attribute_4_9&apos;]]&lt;br&gt;<br />
                                Clicking on AddToCart[[ChromeDriver: chrome on WINDOWS (c1babba1c221d98d61ed3bc10eeb8177)] -&gt; xpath: //button[@id=&apos;add-to-cart-button-1&apos;]]&lt;br&gt;<br />
                                getting varify text product added tocart [[ChromeDriver: chrome on WINDOWS (c1babba1c221d98d61ed3bc10eeb8177)] -&gt; xpath: //p[text()=&apos;The product has been added to your &apos;]]&lt;br&gt;<br />
                  </div>
    

      </td>
</tr>
<tr>
  <td class="method">
                  verifyUserShouldNavigateToComputerPageSuccessfully
      </td>
  <td class="duration">
    1.020s
  </td>
  <td class="result">
        
    
            <div class="testOutput">
                        Clicking on ComputersTab[[ChromeDriver: chrome on WINDOWS (ea7bc8b0221c82596ea7f22ca5477174)] -&gt; xpath: //body/div[6]/div[2]/ul[1]/li[1]/a[1]]&lt;br&gt;<br />
                                getting varify computerText [[ChromeDriver: chrome on WINDOWS (ea7bc8b0221c82596ea7f22ca5477174)] -&gt; xpath: //h1[contains(text(),&apos;Computers&apos;)]]&lt;br&gt;<br />
                  </div>
    

      </td>
</tr>
<tr>
  <td class="method">
                  verifyUserShouldNavigateToDesktopsPageSuccessfully
      </td>
  <td class="duration">
    1.941s
  </td>
  <td class="result">
        
    
            <div class="testOutput">
                        Clicking on ComputersTab[[ChromeDriver: chrome on WINDOWS (9e4393ecd51467341e576049a0e586d0)] -&gt; xpath: //body/div[6]/div[2]/ul[1]/li[1]/a[1]]&lt;br&gt;<br />
                                Clicking on DesktopLink[[ChromeDriver: chrome on WINDOWS (9e4393ecd51467341e576049a0e586d0)] -&gt; xpath: //img[@title=&apos;Show products in category Desktops&apos;]]&lt;br&gt;<br />
                                getting verify Desktop text from [[ChromeDriver: chrome on WINDOWS (9e4393ecd51467341e576049a0e586d0)] -&gt; xpath: //h1[contains(text(),&apos;Desktops&apos;)]]&lt;br&gt;<br />
                  </div>
    

      </td>
</tr>
          <tr>
        <td colspan="3" class="group">com.nopcommerce.demo.testsuite.LoginPageTest</td>
      </tr>
            
<tr>
  <td class="method">
                  verifyTheErrorMessageWithInValidCredentials
      </td>
  <td class="duration">
    1.876s
  </td>
  <td class="result">
        
    
            <div class="testOutput">
                        Clicking on Login Link[[ChromeDriver: chrome on WINDOWS (cd2dd7eceb3a3ed0d4ecf6dedd24eacf)] -&gt; link text: Log in]&lt;br&gt;<br />
                                Enter emailzarmartripathi@gmail.com to email field [[ChromeDriver: chrome on WINDOWS (cd2dd7eceb3a3ed0d4ecf6dedd24eacf)] -&gt; id: Email]&lt;br&gt;<br />
                                Enter emailprime to email field [[ChromeDriver: chrome on WINDOWS (cd2dd7eceb3a3ed0d4ecf6dedd24eacf)] -&gt; xpath: //input[@id=&apos;Password&apos;]]&lt;br&gt;<br />
                                Clicking on login Button[[ChromeDriver: chrome on WINDOWS (cd2dd7eceb3a3ed0d4ecf6dedd24eacf)] -&gt; xpath: //button[contains(text(),&apos;Log in&apos;)]]&lt;br&gt;<br />
                                getting varify errormessage text from [[ChromeDriver: chrome on WINDOWS (cd2dd7eceb3a3ed0d4ecf6dedd24eacf)] -&gt; xpath: //body/div[6]/div[3]/div[1]/div[1]/div[1]/div[2]/div[1]/div[2]/form[1]/div[1]]&lt;br&gt;<br />
                  </div>
    

      </td>
</tr>
          <tr>
        <td colspan="3" class="group">com.nopcommerce.demo.testsuite.RegisterPageTest</td>
      </tr>
            
<tr>
  <td class="method">
                  verifyThatFirstNameLastNameEmailPasswordAndConfirmPasswordFieldsAreMandatory
      </td>
  <td class="duration">
    1.456s
  </td>
  <td class="result">
        
    
            <div class="testOutput">
                        Clicking on Register Link[[ChromeDriver: chrome on WINDOWS (5bcf5830719762dc2a48ab84166e0748)] -&gt; link text: Register]&lt;br&gt;<br />
                                Clicking on Register Button[[ChromeDriver: chrome on WINDOWS (5bcf5830719762dc2a48ab84166e0748)] -&gt; xpath: //button[@id=&apos;register-button&apos;]]&lt;br&gt;<br />
                                getting first Name Error text from [[ChromeDriver: chrome on WINDOWS (5bcf5830719762dc2a48ab84166e0748)] -&gt; xpath: //span[@id=&apos;FirstName-error&apos;]]&lt;br&gt;<br />
                                getting last Name Error text from [[ChromeDriver: chrome on WINDOWS (5bcf5830719762dc2a48ab84166e0748)] -&gt; xpath: //span[@id=&apos;LastName-error&apos;]]&lt;br&gt;<br />
                                getting email Error text from [[ChromeDriver: chrome on WINDOWS (5bcf5830719762dc2a48ab84166e0748)] -&gt; xpath: //span[@id=&apos;Email-error&apos;]]&lt;br&gt;<br />
                                getting password Error text from [[ChromeDriver: chrome on WINDOWS (5bcf5830719762dc2a48ab84166e0748)] -&gt; xpath: //span[@id=&apos;Password-error&apos;]]&lt;br&gt;<br />
                                getting confirm Pw Error text from [[ChromeDriver: chrome on WINDOWS (5bcf5830719762dc2a48ab84166e0748)] -&gt; xpath: //span[@id=&apos;ConfirmPassword-error&apos;]]&lt;br&gt;<br />
                  </div>
    

      </td>
</tr>
<tr>
  <td class="method">
                  verifyThatUserShouldCreateAccountSuccessfully
      </td>
  <td class="duration">
    3.417s
  </td>
  <td class="result">
        
    
            <div class="testOutput">
                        Clicking on Register Link[[ChromeDriver: chrome on WINDOWS (3c108b5955e99f0001fad8bade7af77b)] -&gt; link text: Register]&lt;br&gt;<br />
                                Clicking on female radio button[[ChromeDriver: chrome on WINDOWS (3c108b5955e99f0001fad8bade7af77b)] -&gt; xpath: //input[@id=&apos;gender-female&apos;]]&lt;br&gt;<br />
                                Enter email Zarmar to email field [[ChromeDriver: chrome on WINDOWS (3c108b5955e99f0001fad8bade7af77b)] -&gt; id: FirstName]&lt;br&gt;<br />
                                Enter emailTripathi to email field [[ChromeDriver: chrome on WINDOWS (3c108b5955e99f0001fad8bade7af77b)] -&gt; id: LastName]&lt;br&gt;<br />
                                Selecting day10 from dropdown [[ChromeDriver: chrome on WINDOWS (3c108b5955e99f0001fad8bade7af77b)] -&gt; xpath: //select[@name=&apos;DateOfBirthDay&apos;]]&lt;br&gt;<br />
                                Selecting month12 from dropdown [[ChromeDriver: chrome on WINDOWS (3c108b5955e99f0001fad8bade7af77b)] -&gt; xpath: //select[@name=&apos;DateOfBirthMonth&apos;]]&lt;br&gt;<br />
                                Selecting year1987 from dropdown [[ChromeDriver: chrome on WINDOWS (3c108b5955e99f0001fad8bade7af77b)] -&gt; xpath: //select[@name=&apos;DateOfBirthYear&apos;]]&lt;br&gt;<br />
                                Enter emailzarmartripathi1@gmail.com to email field [[ChromeDriver: chrome on WINDOWS (3c108b5955e99f0001fad8bade7af77b)] -&gt; id: Email]&lt;br&gt;<br />
                                Enter emailprime123 to email field [[ChromeDriver: chrome on WINDOWS (3c108b5955e99f0001fad8bade7af77b)] -&gt; xpath: //input[@id=&apos;Password&apos;]]&lt;br&gt;<br />
                                Enter emailprime123 to email field [[ChromeDriver: chrome on WINDOWS (3c108b5955e99f0001fad8bade7af77b)] -&gt; id: ConfirmPassword]&lt;br&gt;<br />
                                Clicking on Register Button[[ChromeDriver: chrome on WINDOWS (3c108b5955e99f0001fad8bade7af77b)] -&gt; xpath: //button[@id=&apos;register-button&apos;]]&lt;br&gt;<br />
                                getting reg Completed&nbsp; text from [[ChromeDriver: chrome on WINDOWS (3c108b5955e99f0001fad8bade7af77b)] -&gt; xpath: //div[@class=&apos;result&apos; and contains(normalize-space(),&apos;Your registration completed&apos;)]]&lt;br&gt;<br />
                  </div>
    

      </td>
</tr>
<tr>
  <td class="method">
                  verifyUserShouldNavigateToRegisterPageSuccessfully
      </td>
  <td class="duration">
    1.087s
  </td>
  <td class="result">
        
    
            <div class="testOutput">
                        Clicking on Register Link[[ChromeDriver: chrome on WINDOWS (70c8472b8d42bd8b366bff0178dca0ef)] -&gt; link text: Register]&lt;br&gt;<br />
                                getting verify Register Text&nbsp; from [[ChromeDriver: chrome on WINDOWS (70c8472b8d42bd8b366bff0178dca0ef)] -&gt; xpath: //h1[contains(text(),&apos;Register&apos;)]]&lt;br&gt;<br />
                  </div>
    

      </td>
</tr>
      </table>
  
</body>
</html>
